<?xml version="1.0" encoding="UTF-8"?>
<testsuite xmlns:xsi="http://www.w3.org/2001/XMLSchema-instance" xsi:noNamespaceSchemaLocation="https://maven.apache.org/surefire/maven-surefire-plugin/xsd/surefire-test-report-3.0.xsd" version="3.0" name="com.testapp.automation.step_definitions.runners.Test_TestApp" time="72.716" tests="3" errors="0" skipped="0" failures="0">
  <properties>
[...]
</properties>
  <testcase name="1-Validate the welcome message change" classname="Testing TestApp admin application" time="24.825">
    <system-out><![CDATA[@testApps @regression @smoke
Feature: Testing TestApp admin application

  Background: User is Logged In                                # src/main/resources/features/TestApp.feature:5
Tests are running on Chrome in PC mode.
Chrome is Not Headless
    Given the user navigate to environment                     # NavigationSteps.theUserNavigateToEnvironment()
    When the user enters username "prajwala.r.122@outlook.com" # TestAppLoginSteps.theUserEntersUserName(String)
    When the user enters password "tapclicks"                  # TestAppLoginSteps.theUserEntersPassword(String)
    Then click on login button                                 # TestAppLoginSteps.clickOnLoginButton()
    When user clicks on admin nav                              # TestAppAdminSteps.userClicksOnAdminNav()
    And click on platform settings                             # TestAppAdminSteps.clickOnPlatformSettings()

  @testApps @regression @smoke @testApps1
  Scenario: 1-Validate the welcome message change # src/main/resources/features/TestApp.feature:14
    Then update the welcome message               # TestAppAdminSteps.updateTheWelcomeMessage()
    And take the screenshot                       # TestAppLoginSteps.takeTheScreenshot()
    And click on save button                      # TestAppAdminSteps.clickOnSaveButton()
    When the user is logged out                   # TestAppLoginSteps.theUserIsLoggedOut()
    Then validate the welcome message             # TestAppAdminSteps.validateTheWelcomeMessage()
    And take the screenshot                       # TestAppLoginSteps.takeTheScreenshot()
]]></system-out>
    <system-err><![CDATA[Jul. 03, 2023 12:08:13 A.M. cucumber.runtime.java.ObjectFactoryLoader loadSingleObjectFactory
INFO: Loading ObjectFactory via service loader: io.cucumber.picocontainer.PicoFactory
Starting ChromeDriver 114.0.5735.90 (386bc09e8f4f2e025eddae123f36f6263096ae49-refs/branch-heads/5735@{#1052}) on port 4993
Only local connections are allowed.
Please see https://chromedriver.chromium.org/security-considerations for suggestions on keeping ChromeDriver safe.
ChromeDriver was started successfully.
Jul. 03, 2023 12:08:15 A.M. org.openqa.selenium.remote.ProtocolHandshake createSession
INFO: Detected dialect: W3C
Jul. 03, 2023 12:08:38 A.M. com.testapp.automation.browser.AbstractPage screenCapture
INFO: TEST PASSED
]]></system-err>
  </testcase>
  <testcase name="2-Validate the background color" classname="Testing TestApp admin application" time="30.993">
    <system-out><![CDATA[
  Background: User is Logged In                                # src/main/resources/features/TestApp.feature:5
    Given the user navigate to environment                     # NavigationSteps.theUserNavigateToEnvironment()
    When the user enters username "prajwala.r.122@outlook.com" # TestAppLoginSteps.theUserEntersUserName(String)
    When the user enters password "tapclicks"                  # TestAppLoginSteps.theUserEntersPassword(String)
    Then click on login button                                 # TestAppLoginSteps.clickOnLoginButton()
    When user clicks on admin nav                              # TestAppAdminSteps.userClicksOnAdminNav()
    And click on platform settings                             # TestAppAdminSteps.clickOnPlatformSettings()

  @testApps @regression @smoke @testApps2
  Scenario: 2-Validate the background color                    # src/main/resources/features/TestApp.feature:23
    When user select "light" mode                              # TestAppAdminSteps.userSelectMode(String)
    When the user is logged out                                # TestAppLoginSteps.theUserIsLoggedOut()
    Given the user navigate to environment                     # NavigationSteps.theUserNavigateToEnvironment()
Color: #ffffff
    Then validate the background color is updated to "#363636" # TestAppAdminSteps.validateTheBackgroundColor(String)
    When the user enters username "prajwala.r.122@outlook.com" # TestAppLoginSteps.theUserEntersUserName(String)
    When the user enters password "tapclicks"                  # TestAppLoginSteps.theUserEntersPassword(String)
    Then click on login button                                 # TestAppLoginSteps.clickOnLoginButton()
    When user clicks on admin nav                              # TestAppAdminSteps.userClicksOnAdminNav()
    And click on platform settings                             # TestAppAdminSteps.clickOnPlatformSettings()
    When user select "dark" mode                               # TestAppAdminSteps.userSelectMode(String)
    When the user is logged out                                # TestAppLoginSteps.theUserIsLoggedOut()
    Given the user navigate to environment                     # NavigationSteps.theUserNavigateToEnvironment()
Color: #ffffff
    Then validate the background color is updated to "#fafafa" # TestAppAdminSteps.validateTheBackgroundColor(String)
]]></system-out>
    <system-err><![CDATA[Jul. 03, 2023 12:09:09 A.M. com.testapp.automation.browser.AbstractPage screenCapture
INFO: TEST PASSED
]]></system-err>
  </testcase>
  <testcase name="3-Validate the app name change" classname="Testing TestApp admin application" time="16.345">
    <system-out><![CDATA[
  Background: User is Logged In                                # src/main/resources/features/TestApp.feature:5
    Given the user navigate to environment                     # NavigationSteps.theUserNavigateToEnvironment()
    When the user enters username "prajwala.r.122@outlook.com" # TestAppLoginSteps.theUserEntersUserName(String)
    When the user enters password "tapclicks"                  # TestAppLoginSteps.theUserEntersPassword(String)
    Then click on login button                                 # TestAppLoginSteps.clickOnLoginButton()
    When user clicks on admin nav                              # TestAppAdminSteps.userClicksOnAdminNav()
    And click on platform settings                             # TestAppAdminSteps.clickOnPlatformSettings()

  @testApps @regression @smoke @testApps3
  Scenario: 3-Validate the app name change        # src/main/resources/features/TestApp.feature:39
    When user clicks on application tab           # TestAppAdminSteps.userClicksOnApplicationTab()
    Then update the application name              # TestAppAdminSteps.updateTheApplicationName()
    Then validate the application name is updated # TestAppAdminSteps.validateTheApplicationNameIsUpdated()
]]></system-out>
    <system-err><![CDATA[Jul. 03, 2023 12:09:25 A.M. com.testapp.automation.browser.AbstractPage screenCapture
INFO: TEST PASSED
]]></system-err>
  </testcase>
</testsuite>